build/app/intermediates/proguard-rules/release/aapt_rules.txt
# Referenced at merged_manifests/release/AndroidManifest.xml:40
-keep class androidx.core.app.CoreComponentFactory { <init>(); }
# Referenced at merged_manifests/release/AndroidManifest.xml:40
-keep class com.ruedy.flutter_base_lib.JKApplication { <init>(); }
# Referenced at merged_manifests/release/AndroidManifest.xml:47
-keep class com.ruedy.flutter_base_lib.MainActivity { <init>(); }
# Referenced at merged_manifests/release/AndroidManifest.xml:86
-keep class com.ruedy.flutter_base_lib.TestActivity { <init>(); }
# Referenced at merged_manifests/release/AndroidManifest.xml:99
-keep class com.ruedy.flutter_common_plugin.activity.CommonSchemeActivity { <init>(); }
# Referenced at merged_manifests/release/AndroidManifest.xml:133
-keep class com.sangcomz.fishbun.FishBunFileProvider { <init>(); }
# Referenced at merged_manifests/release/AndroidManifest.xml:143
-keep class com.sangcomz.fishbun.ui.album.ui.AlbumActivity { <init>(); }
# Referenced at merged_manifests/release/AndroidManifest.xml:150
-keep class com.sangcomz.fishbun.ui.detail.ui.DetailImageActivity { <init>(); }
# Referenced at merged_manifests/release/AndroidManifest.xml:147
-keep class com.sangcomz.fishbun.ui.picker.PickerActivity { <init>(); }
# Referenced at merged_manifests/release/AndroidManifest.xml:118
-keep class com.vitanov.multiimagepicker.MultiImageProvider { <init>(); }
# Referenced at merged_manifests/release/AndroidManifest.xml:128
-keep class io.flutter.plugins.urllauncher.WebViewActivity { <init>(); }
# Referenced at res/layout-watch-v20/abc_alert_dialog_title_material.xml:53
# Referenced at res/layout/mtrl_alert_dialog_title.xml:41
# Referenced at res/layout/mtrl_alert_dialog_actions.xml:45
# Referenced at res/layout/mtrl_alert_dialog.xml:51
# Referenced at res/layout/abc_alert_dialog_title_material.xml:57
# Referenced at res/layout/abc_alert_dialog_material.xml:52
# Referenced at res/layout/abc_alert_dialog_button_bar_material.xml:43
-keep class android.widget.Space { <init>(...); }

# Referenced at res/layout/abc_select_dialog_material.xml:23
-keep class androidx.appcompat.app.AlertController$RecycleListView { <init>(...); }

# Referenced at res/layout/abc_action_menu_item_layout.xml:17
-keep class androidx.appcompat.view.menu.ActionMenuItemView { <init>(...); }

# Referenced at res/layout/abc_expanded_menu_layout.xml:17
-keep class androidx.appcompat.view.menu.ExpandedMenuView { <init>(...); }

# Referenced at res/layout/abc_popup_menu_item_layout.xml:17
# Referenced at res/layout/abc_list_menu_item_layout.xml:17
# Referenced at res/layout/abc_cascading_menu_item_layout.xml:20
-keep class androidx.appcompat.view.menu.ListMenuItemView { <init>(...); }

# Referenced at res/layout/abc_screen_toolbar.xml:27
-keep class androidx.appcompat.widget.ActionBarContainer { <init>(...); }

# Referenced at res/layout/abc_screen_toolbar.xml:43
# Referenced at res/layout/abc_action_mode_bar.xml:19
-keep class androidx.appcompat.widget.ActionBarContextView { <init>(...); }

# Referenced at res/layout/abc_screen_toolbar.xml:17
-keep class androidx.appcompat.widget.ActionBarOverlayLayout { <init>(...); }

# Referenced at res/layout/abc_action_menu_layout.xml:17
-keep class androidx.appcompat.widget.ActionMenuView { <init>(...); }

# Referenced at res/layout/abc_activity_chooser_view.xml:19
-keep class androidx.appcompat.widget.ActivityChooserView$InnerLayout { <init>(...); }

# Referenced at res/layout/mtrl_alert_dialog.xml:17
# Referenced at res/layout/abc_alert_dialog_material.xml:18
-keep class androidx.appcompat.widget.AlertDialogLayout { <init>(...); }

# Referenced at res/layout/activity_detail_activity.xml:20
-keep class androidx.appcompat.widget.AppCompatImageButton { <init>(...); }

# Referenced at res/layout/mtrl_alert_dialog_actions.xml:26
# Referenced at res/layout/abc_alert_dialog_button_bar_material.xml:26
-keep class androidx.appcompat.widget.ButtonBarLayout { <init>(...); }

# Referenced at res/layout/abc_screen_content_include.xml:19
-keep class androidx.appcompat.widget.ContentFrameLayout { <init>(...); }

# Referenced at res/layout/mtrl_alert_dialog_title.xml:36
# Referenced at res/layout/abc_alert_dialog_title_material.xml:45
-keep class androidx.appcompat.widget.DialogTitle { <init>(...); }

# Referenced at res/layout/abc_screen_simple_overlay_action_mode.xml:23
-keep class androidx.appcompat.widget.FitWindowsFrameLayout { <init>(...); }

# Referenced at res/layout/abc_screen_simple.xml:17
# Referenced at res/layout/abc_dialog_title_material.xml:22
-keep class androidx.appcompat.widget.FitWindowsLinearLayout { <init>(...); }

# Referenced at res/layout/abc_search_view.xml:75
-keep class androidx.appcompat.widget.SearchView$SearchAutoComplete { <init>(...); }

# Referenced at res/layout-v26/abc_screen_toolbar.xml:37
# Referenced at res/layout/activity_photo_picker.xml:19
# Referenced at res/layout/activity_photo_album.xml:18
# Referenced at res/layout/abc_screen_toolbar.xml:36
-keep class androidx.appcompat.widget.Toolbar { <init>(...); }

# Referenced at res/layout/abc_screen_simple_overlay_action_mode.xml:32
# Referenced at res/layout/abc_screen_simple.xml:25
-keep class androidx.appcompat.widget.ViewStubCompat { <init>(...); }

# Referenced at res/layout/picker_item.xml:2
# Referenced at res/layout/detail_item.xml:2
# Referenced at res/layout/activity_photo_album.xml:2
# Referenced at res/layout/activity_detail_activity.xml:2
-keep class androidx.constraintlayout.widget.ConstraintLayout { <init>(...); }

# Referenced at res/layout/activity_photo_album.xml:37
-keep class androidx.constraintlayout.widget.Group { <init>(...); }

# Referenced at res/layout/design_bottom_sheet_dialog.xml:26
# Referenced at res/layout/activity_photo_picker.xml:2
-keep class androidx.coordinatorlayout.widget.CoordinatorLayout { <init>(...); }

# Referenced at res/layout/mtrl_alert_dialog.xml:40
# Referenced at res/layout/abc_alert_dialog_material.xml:41
-keep class androidx.core.widget.NestedScrollView { <init>(...); }

# Referenced at res/layout/mtrl_calendar_months.xml:18
# Referenced at res/layout/mtrl_calendar_horizontal.xml:29
# Referenced at res/layout/activity_photo_picker.xml:8
# Referenced at res/layout/activity_photo_album.xml:28
-keep class androidx.recyclerview.widget.RecyclerView { <init>(...); }

# Referenced at res/layout/activity_detail_activity.xml:9
-keep class androidx.viewpager.widget.ViewPager { <init>(...); }

# Referenced at res/layout/activity_photo_picker.xml:14
# Referenced at res/layout/activity_photo_album.xml:9
-keep class com.google.android.material.appbar.AppBarLayout { <init>(...); }

# Referenced at res/layout/test_toolbar_surface.xml:16
# Referenced at res/layout/test_toolbar_elevation.xml:16
# Referenced at res/layout/test_toolbar_custom_background.xml:16
# Referenced at res/layout/test_toolbar.xml:16
-keep class com.google.android.material.appbar.MaterialToolbar { <init>(...); }

# Referenced at res/layout/mtrl_picker_header_fullscreen.xml:36
# Referenced at res/layout/mtrl_calendar_month_navigation.xml:32
-keep class com.google.android.material.button.MaterialButton { <init>(...); }

# Referenced at res/layout/test_reflow_chipgroup.xml:25
# Referenced at res/layout/test_chip_zero_corner_radius.xml:17
# Referenced at res/layout/test_action_chip.xml:17
-keep class com.google.android.material.chip.Chip { <init>(...); }

# Referenced at res/layout/test_reflow_chipgroup.xml:19
-keep class com.google.android.material.chip.ChipGroup { <init>(...); }

# Referenced at res/layout/mtrl_calendar_month.xml:18
-keep class com.google.android.material.datepicker.MaterialCalendarGridView { <init>(...); }

# Referenced at res/layout/design_bottom_navigation_item.xml:27
-keep class com.google.android.material.internal.BaselineLayout { <init>(...); }

# Referenced at res/layout/mtrl_picker_header_toggle.xml:18
# Referenced at res/layout/design_text_input_start_icon.xml:18
# Referenced at res/layout/design_text_input_end_icon.xml:18
-keep class com.google.android.material.internal.CheckableImageButton { <init>(...); }

# Referenced at res/layout/design_navigation_item.xml:17
-keep class com.google.android.material.internal.NavigationMenuItemView { <init>(...); }

# Referenced at res/layout/design_navigation_menu.xml:17
-keep class com.google.android.material.internal.NavigationMenuView { <init>(...); }

# Referenced at res/layout/mtrl_layout_snackbar.xml:18
# Referenced at res/layout/design_layout_snackbar.xml:18
-keep class com.google.android.material.snackbar.Snackbar$SnackbarLayout { <init>(...); }

# Referenced at res/layout/mtrl_layout_snackbar_include.xml:18
# Referenced at res/layout/design_layout_snackbar_include.xml:18
-keep class com.google.android.material.snackbar.SnackbarContentLayout { <init>(...); }

# Referenced at res/layout/mtrl_picker_text_input_date_range.xml:32
# Referenced at res/layout/mtrl_picker_text_input_date.xml:31
-keep class com.google.android.material.textfield.TextInputEditText { <init>(...); }

# Referenced at res/layout/mtrl_picker_text_input_date_range.xml:26
# Referenced at res/layout/mtrl_picker_text_input_date.xml:26
-keep class com.google.android.material.textfield.TextInputLayout { <init>(...); }

# Referenced at res/layout/text_view_without_line_height.xml:17
# Referenced at res/layout/text_view_with_theme_line_height.xml:17
# Referenced at res/layout/text_view_with_line_height_from_style.xml:17
# Referenced at res/layout/text_view_with_line_height_from_layout.xml:17
# Referenced at res/layout/text_view_with_line_height_from_appearance.xml:17
-keep class com.google.android.material.textview.MaterialTextView { <init>(...); }

# Referenced at res/layout/picker_item.xml:35
# Referenced at res/layout/activity_detail_activity.xml:32
-keep class com.sangcomz.fishbun.util.RadioWithTextButton { <init>(...); }

# Referenced at res/layout/album_item.xml:9
-keep class com.sangcomz.fishbun.util.SquareImageView { <init>(...); }

# Referenced at res/layout/detail_item.xml:7
-keep class com.sangcomz.fishbun.util.TouchImageView { <init>(...); }

# Referenced at release/layout/activity_test.xml:8
-keepclassmembers class * { *** goToFront(android.view.View); }

# Referenced at res/layout/layout_testactivity.xml:7
-keepclassmembers class * { *** jumpFlutter(android.view.View); }

# Referenced at res/layout/layout_testactivity.xml:15
-keepclassmembers class * { *** sendForFlutter(android.view.View); }