build/app/outputs/mapping/release/mapping.txt
# compiler: R8
# compiler_version: 1.5.64
# min_api: 21
# pg_map_id: 19f9412
com.ruedy.flutter_base_lib.DartChannelUtil -> com.ruedy.flutter_base_lib.a:
    void init(android.app.Application) -> a
com.ruedy.flutter_base_lib.DartChannelUtil$1 -> com.ruedy.flutter_base_lib.a$a:
    void onMethodCall(android.content.Context,java.lang.String,java.lang.String,com.ruedy.flutter_common_plugin.FBCallBack) -> a
com.ruedy.flutter_base_lib.TestActivity -> com.ruedy.flutter_base_lib.TestActivity:
    int i -> c
com.ruedy.flutter_base_lib.TestActivity$1 -> com.ruedy.flutter_base_lib.TestActivity$a:
    com.ruedy.flutter_base_lib.TestActivity this$0 -> c
com.ruedy.flutter_base_lib.TestActivity$1$1 -> com.ruedy.flutter_base_lib.TestActivity$a$a:
com.ruedy.flutter_base_lib.TestActivity$2 -> com.ruedy.flutter_base_lib.TestActivity$b:
    void error(java.lang.String,java.lang.String,java.lang.Object) -> a
    void success(java.lang.Object) -> a
...
io.flutter.embedding.engine.plugins.broadcastreceiver.BroadcastReceiverPluginBinding -> io.flutter.embedding.engine.h.d.c:
io.flutter.embedding.engine.plugins.contentprovider.ContentProviderAware -> io.flutter.embedding.engine.h.e.a:
    void onAttachedToContentProvider(io.flutter.embedding.engine.plugins.contentprovider.ContentProviderPluginBinding) -> a
    void onDetachedFromContentProvider() -> a
io.flutter.embedding.engine.plugins.contentprovider.ContentProviderControlSurface -> io.flutter.embedding.engine.h.e.b:
io.flutter.embedding.engine.plugins.contentprovider.ContentProviderPluginBinding -> io.flutter.embedding.engine.h.e.c:
io.flutter.embedding.engine.plugins.service.ServiceAware -> io.flutter.embedding.engine.h.f.a:
    void onAttachedToService(io.flutter.embedding.engine.plugins.service.ServicePluginBinding) -> a
    void onDetachedFromService() -> a
io.flutter.embedding.engine.plugins.service.ServiceControlSurface -> io.flutter.embedding.engine.h.f.b:
io.flutter.embedding.engine.plugins.service.ServicePluginBinding -> io.flutter.embedding.engine.h.f.c:
io.flutter.embedding.engine.plugins.shim.ShimPluginRegistry -> io.flutter.embedding.engine.h.g.a:
    java.util.Map pluginMap -> b
    io.flutter.embedding.engine.plugins.shim.ShimPluginRegistry$ShimRegistrarAggregate shimRegistrarAggregate -> c
    io.flutter.embedding.engine.FlutterEngine flutterEngine -> a
    io.flutter.plugin.common.PluginRegistry$Registrar registrarFor(java.lang.String) -> a
io.flutter.embedding.engine.plugins.shim.ShimPluginRegistry$1 -> io.flutter.embedding.engine.h.g.a$a:
io.flutter.embedding.engine.plugins.shim.ShimPluginRegistry$ShimRegistrarAggregate -> io.flutter.embedding.engine.h.g.a$b:
    io.flutter.embedding.engine.plugins.activity.ActivityPluginBinding activityPluginBinding -> c
    io.flutter.embedding.engine.plugins.FlutterPlugin$FlutterPluginBinding flutterPluginBinding -> b
    java.util.Set shimRegistrars -> a
    void addPlugin(io.flutter.embedding.engine.plugins.shim.ShimRegistrar) -> a
    void onAttachedToActivity(io.flutter.embedding.engine.plugins.activity.ActivityPluginBinding) -> a
    void onAttachedToEngine(io.flutter.embedding.engine.plugins.FlutterPlugin$FlutterPluginBinding) -> a
    void onDetachedFromActivity() -> a
    void onDetachedFromActivityForConfigChanges() -> b
    void onDetachedFromEngine(io.flutter.embedding.engine.plugins.FlutterPlugin$FlutterPluginBinding) -> b
    void onReattachedToActivityForConfigChanges(io.flutter.embedding.engine.plugins.activity.ActivityPluginBinding) -> b